


ARM Macro Assembler    Page 1 


    1 00000000         
    2 00000000         
    3 00000000         ; 函数向量表
    4 00000000                 AREA             RESET, DATA, READONLY
    5 00000000                 EXPORT           __Vectors
    6 00000000                 EXPORT           __Vectors_End
    7 00000000                 EXPORT           __Vectors_Size
    8 00000000                 IMPORT           fun_init
    9 00000000                 IMPORT           f_mount
   10 00000000                 IMPORT           f_open
   11 00000000                 IMPORT           f_read
   12 00000000                 IMPORT           f_lseek
   13 00000000                 IMPORT           f_close
   14 00000000                 IMPORT           f_opendir
   15 00000000                 IMPORT           f_readdir
   16 00000000                 IMPORT           f_stat
   17 00000000                 IMPORT           f_write
   18 00000000                 IMPORT           f_getfree
   19 00000000                 IMPORT           f_truncate
   20 00000000                 IMPORT           f_sync
   21 00000000                 IMPORT           f_unlink
   22 00000000                 IMPORT           f_mkdir
   23 00000000                 IMPORT           f_chmod
   24 00000000                 IMPORT           f_utime
   25 00000000                 IMPORT           f_rename
   26 00000000                 IMPORT           f_chdrive
   27 00000000                 IMPORT           f_chdir
   28 00000000         ;    IMPORT  f_getcwd
   29 00000000         ;    IMPORT  f_forward
   30 00000000                 IMPORT           f_mkfs
   31 00000000         ;    IMPORT  f_fdisk
   32 00000000                 IMPORT           f_putc
   33 00000000                 IMPORT           f_puts
   34 00000000                 IMPORT           f_printf
   35 00000000                 IMPORT           f_gets
   36 00000000         
   37 00000000 00000000 
                       __Vectors
                               DCD              fun_init    ; 初始化函数
   38 00000004 00000000        DCD              f_mount
   39 00000008 00000000        DCD              f_open
   40 0000000C 00000000        DCD              f_read
   41 00000010 00000000        DCD              f_lseek
   42 00000014 00000000        DCD              f_close
   43 00000018 00000000        DCD              f_opendir
   44 0000001C 00000000        DCD              f_readdir
   45 00000020 00000000        DCD              f_stat
   46 00000024 00000000        DCD              f_write
   47 00000028 00000000        DCD              f_getfree
   48 0000002C 00000000        DCD              f_truncate
   49 00000030 00000000        DCD              f_sync
   50 00000034 00000000        DCD              f_unlink
   51 00000038 00000000        DCD              f_mkdir
   52 0000003C 00000000        DCD              f_chmod
   53 00000040 00000000        DCD              f_utime
   54 00000044 00000000        DCD              f_rename
   55 00000048 00000000        DCD              f_chdrive
   56 0000004C 00000000        DCD              f_chdir
   57 00000050 00000000        DCD              0           ;f_getcwd



ARM Macro Assembler    Page 2 


   58 00000054 00000000        DCD              0           ;f_forward
   59 00000058 00000000        DCD              f_mkfs
   60 0000005C 00000000        DCD              0           ;f_fdisk
   61 00000060 00000000        DCD              f_putc
   62 00000064 00000000        DCD              f_puts
   63 00000068 00000000        DCD              f_printf
   64 0000006C 00000000        DCD              f_gets
   65 00000070         __Vectors_End
   66 00000070         
   67 00000070 00000070 
                       __Vectors_Size
                               EQU              __Vectors_End - __Vectors
   68 00000070         
   69 00000070                 AREA             |.text|, CODE, READONLY
   70 00000000         
   71 00000000         
   72 00000000         
   73 00000000                 END
Command Line: --debug --xref --diag_suppress=9931 --cpu=Cortex-M3 --apcs=interw
ork --depend=..\obj\startup_stm32f10x_hd.d -o..\obj\startup_stm32f10x_hd.o -I"F
:\川~\STM32 F1\2018.9.30 温控集中器 第二套\2018.12.5 文件系统API\USER\RTE" -ID:
\Keil_v5\ARM\PACK\Keil\STM32F1xx_DFP\1.0.5\Device\Include -ID:\Keil_v5\ARM\CMSI
S\Include --predefine="__UVISION_VERSION SETA 514" --predefine="STM32F10X_HD SE
TA 1" --list=.\startup_stm32f10x_hd.lst ..\CORE\startup_stm32f10x_hd.s



ARM Macro Assembler    Page 1 Alphabetic symbol ordering
Relocatable symbols

RESET 00000000

Symbol: RESET
   Definitions
      At line 4 in file ..\CORE\startup_stm32f10x_hd.s
   Uses
      None
Comment: RESET unused
__Vectors 00000000

Symbol: __Vectors
   Definitions
      At line 37 in file ..\CORE\startup_stm32f10x_hd.s
   Uses
      At line 5 in file ..\CORE\startup_stm32f10x_hd.s
      At line 67 in file ..\CORE\startup_stm32f10x_hd.s

__Vectors_End 00000070

Symbol: __Vectors_End
   Definitions
      At line 65 in file ..\CORE\startup_stm32f10x_hd.s
   Uses
      At line 6 in file ..\CORE\startup_stm32f10x_hd.s
      At line 67 in file ..\CORE\startup_stm32f10x_hd.s

3 symbols



ARM Macro Assembler    Page 1 Alphabetic symbol ordering
Relocatable symbols

.text 00000000

Symbol: .text
   Definitions
      At line 69 in file ..\CORE\startup_stm32f10x_hd.s
   Uses
      None
Comment: .text unused
1 symbol



ARM Macro Assembler    Page 1 Alphabetic symbol ordering
Absolute symbols

__Vectors_Size 00000070

Symbol: __Vectors_Size
   Definitions
      At line 67 in file ..\CORE\startup_stm32f10x_hd.s
   Uses
      At line 7 in file ..\CORE\startup_stm32f10x_hd.s
Comment: __Vectors_Size used once
1 symbol



ARM Macro Assembler    Page 1 Alphabetic symbol ordering
External symbols

f_chdir 00000000

Symbol: f_chdir
   Definitions
      At line 27 in file ..\CORE\startup_stm32f10x_hd.s
   Uses
      At line 56 in file ..\CORE\startup_stm32f10x_hd.s
Comment: f_chdir used once
f_chdrive 00000000

Symbol: f_chdrive
   Definitions
      At line 26 in file ..\CORE\startup_stm32f10x_hd.s
   Uses
      At line 55 in file ..\CORE\startup_stm32f10x_hd.s
Comment: f_chdrive used once
f_chmod 00000000

Symbol: f_chmod
   Definitions
      At line 23 in file ..\CORE\startup_stm32f10x_hd.s
   Uses
      At line 52 in file ..\CORE\startup_stm32f10x_hd.s
Comment: f_chmod used once
f_close 00000000

Symbol: f_close
   Definitions
      At line 13 in file ..\CORE\startup_stm32f10x_hd.s
   Uses
      At line 42 in file ..\CORE\startup_stm32f10x_hd.s
Comment: f_close used once
f_getfree 00000000

Symbol: f_getfree
   Definitions
      At line 18 in file ..\CORE\startup_stm32f10x_hd.s
   Uses
      At line 47 in file ..\CORE\startup_stm32f10x_hd.s
Comment: f_getfree used once
f_gets 00000000

Symbol: f_gets
   Definitions
      At line 35 in file ..\CORE\startup_stm32f10x_hd.s
   Uses
      At line 64 in file ..\CORE\startup_stm32f10x_hd.s
Comment: f_gets used once
f_lseek 00000000

Symbol: f_lseek
   Definitions
      At line 12 in file ..\CORE\startup_stm32f10x_hd.s
   Uses
      At line 41 in file ..\CORE\startup_stm32f10x_hd.s
Comment: f_lseek used once
f_mkdir 00000000

Symbol: f_mkdir



ARM Macro Assembler    Page 2 Alphabetic symbol ordering
External symbols

   Definitions
      At line 22 in file ..\CORE\startup_stm32f10x_hd.s
   Uses
      At line 51 in file ..\CORE\startup_stm32f10x_hd.s
Comment: f_mkdir used once
f_mkfs 00000000

Symbol: f_mkfs
   Definitions
      At line 30 in file ..\CORE\startup_stm32f10x_hd.s
   Uses
      At line 59 in file ..\CORE\startup_stm32f10x_hd.s
Comment: f_mkfs used once
f_mount 00000000

Symbol: f_mount
   Definitions
      At line 9 in file ..\CORE\startup_stm32f10x_hd.s
   Uses
      At line 38 in file ..\CORE\startup_stm32f10x_hd.s
Comment: f_mount used once
f_open 00000000

Symbol: f_open
   Definitions
      At line 10 in file ..\CORE\startup_stm32f10x_hd.s
   Uses
      At line 39 in file ..\CORE\startup_stm32f10x_hd.s
Comment: f_open used once
f_opendir 00000000

Symbol: f_opendir
   Definitions
      At line 14 in file ..\CORE\startup_stm32f10x_hd.s
   Uses
      At line 43 in file ..\CORE\startup_stm32f10x_hd.s
Comment: f_opendir used once
f_printf 00000000

Symbol: f_printf
   Definitions
      At line 34 in file ..\CORE\startup_stm32f10x_hd.s
   Uses
      At line 63 in file ..\CORE\startup_stm32f10x_hd.s
Comment: f_printf used once
f_putc 00000000

Symbol: f_putc
   Definitions
      At line 32 in file ..\CORE\startup_stm32f10x_hd.s
   Uses
      At line 61 in file ..\CORE\startup_stm32f10x_hd.s
Comment: f_putc used once
f_puts 00000000

Symbol: f_puts
   Definitions
      At line 33 in file ..\CORE\startup_stm32f10x_hd.s
   Uses



ARM Macro Assembler    Page 3 Alphabetic symbol ordering
External symbols

      At line 62 in file ..\CORE\startup_stm32f10x_hd.s
Comment: f_puts used once
f_read 00000000

Symbol: f_read
   Definitions
      At line 11 in file ..\CORE\startup_stm32f10x_hd.s
   Uses
      At line 40 in file ..\CORE\startup_stm32f10x_hd.s
Comment: f_read used once
f_readdir 00000000

Symbol: f_readdir
   Definitions
      At line 15 in file ..\CORE\startup_stm32f10x_hd.s
   Uses
      At line 44 in file ..\CORE\startup_stm32f10x_hd.s
Comment: f_readdir used once
f_rename 00000000

Symbol: f_rename
   Definitions
      At line 25 in file ..\CORE\startup_stm32f10x_hd.s
   Uses
      At line 54 in file ..\CORE\startup_stm32f10x_hd.s
Comment: f_rename used once
f_stat 00000000

Symbol: f_stat
   Definitions
      At line 16 in file ..\CORE\startup_stm32f10x_hd.s
   Uses
      At line 45 in file ..\CORE\startup_stm32f10x_hd.s
Comment: f_stat used once
f_sync 00000000

Symbol: f_sync
   Definitions
      At line 20 in file ..\CORE\startup_stm32f10x_hd.s
   Uses
      At line 49 in file ..\CORE\startup_stm32f10x_hd.s
Comment: f_sync used once
f_truncate 00000000

Symbol: f_truncate
   Definitions
      At line 19 in file ..\CORE\startup_stm32f10x_hd.s
   Uses
      At line 48 in file ..\CORE\startup_stm32f10x_hd.s
Comment: f_truncate used once
f_unlink 00000000

Symbol: f_unlink
   Definitions
      At line 21 in file ..\CORE\startup_stm32f10x_hd.s
   Uses
      At line 50 in file ..\CORE\startup_stm32f10x_hd.s
Comment: f_unlink used once
f_utime 00000000



ARM Macro Assembler    Page 4 Alphabetic symbol ordering
External symbols


Symbol: f_utime
   Definitions
      At line 24 in file ..\CORE\startup_stm32f10x_hd.s
   Uses
      At line 53 in file ..\CORE\startup_stm32f10x_hd.s
Comment: f_utime used once
f_write 00000000

Symbol: f_write
   Definitions
      At line 17 in file ..\CORE\startup_stm32f10x_hd.s
   Uses
      At line 46 in file ..\CORE\startup_stm32f10x_hd.s
Comment: f_write used once
fun_init 00000000

Symbol: fun_init
   Definitions
      At line 8 in file ..\CORE\startup_stm32f10x_hd.s
   Uses
      At line 37 in file ..\CORE\startup_stm32f10x_hd.s
Comment: fun_init used once
25 symbols
362 symbols in table
